Arguments: 
  /Users/slavo_3/.nvm/versions/node/v16.17.0/bin/node /usr/local/bin/yarn add -D moonguse

PATH: 
  /Users/slavo_3/.nvm/versions/node/v16.17.0/bin:/Users/slavo_3/Library/Android/sdk/tools:/Users/slavo_3/Library/Android/sdk/tools/bin:/Users/slavo_3/Library/Android/sdk/platform-tools:/opt/homebrew/bin:/opt/homebrew/sbin:/usr/local/bin:/usr/bin:/bin:/usr/sbin:/sbin:/Library/Apple/usr/bin:/Users/slavo_3/.nvm/versions/node/v16.17.0/bin:/Users/slavo_3/Library/Android/sdk/tools:/Users/slavo_3/Library/Android/sdk/tools/bin:/Users/slavo_3/Library/Android/sdk/platform-tools:/opt/homebrew/bin:/opt/homebrew/sbin

Yarn version: 
  1.22.19

Node version: 
  16.17.0

Platform: 
  darwin arm64

Trace: 
  Error: https://registry.yarnpkg.com/moonguse: Not found
      at Request.params.callback [as _callback] (/usr/local/lib/node_modules/yarn/lib/cli.js:66145:18)
      at Request.self.callback (/usr/local/lib/node_modules/yarn/lib/cli.js:140890:22)
      at Request.emit (node:events:513:28)
      at Request.<anonymous> (/usr/local/lib/node_modules/yarn/lib/cli.js:141862:10)
      at Request.emit (node:events:513:28)
      at IncomingMessage.<anonymous> (/usr/local/lib/node_modules/yarn/lib/cli.js:141784:12)
      at Object.onceWrapper (node:events:627:28)
      at IncomingMessage.emit (node:events:525:35)
      at endReadableNT (node:internal/streams/readable:1358:12)
      at processTicksAndRejections (node:internal/process/task_queues:83:21)

npm manifest: 
  {
    "name": "prototypenextapi",
    "version": "1.0.0",
    "description": "Prototype.NEXT share link api",
    "main": "index.js",
    "scripts": {
      "start": "nodemon server.js"
    },
    "keywords": [],
    "author": "",
    "license": "ISC",
    "dependencies": {
      "aws-sdk": "^2.601.0",
      "body-parser": "^1.19.0",
      "cors": "^2.8.5",
      "dotenv": "^8.2.0",
      "express": "^4.17.1",
      "express-jwt": "^5.3.1",
      "express-validator": "^6.3.1",
      "jsonwebtoken": "^8.5.1",
      "morgan": "^1.9.1",
      "nodemon": "^2.0.2"
    }
  }

yarn manifest: 
  No manifest

Lockfile: 
  No lockfile
